# JRE version: OpenJDK Runtime Environment (22.0+36) (build 22+36-2370)
# Java VM: OpenJDK 64-Bit Server VM (22+36-2370, mixed mode, emulated-client, sharing, tiered, compressed oops, compressed class ptrs, g1 gc, windows-amd64)
GC Precious Log:
 CardTable entry size: 512
 Card Set container configuration: InlinePtr #cards 5 size 8 Array Of Cards #cards 12 size 40 Howl #buckets 4 coarsen threshold 1843 Howl Bitmap #cards 512 size 80 coarsen threshold 460 Card regions per heap region 1 cards per card region 2048
 CPUs: 4 total, 4 available
 Memory: 4040M
 Large Page Support: Disabled
 NUMA Support: Disabled
 Compressed Oops: Enabled (32-bit)
 Heap Region Size: 1M
 Heap Min Capacity: 8M
 Heap Initial Capacity: 64M
 Heap Max Capacity: 1012M
 Pre-touch: Disabled
 Parallel Workers: 4
 Concurrent Workers: 1
 Concurrent Refinement Workers: 4
 Periodic GC: Disabled
Heap:
 garbage-first heap   total reserved 1036288K, committed 97280K, used 50175K [0x00000000c0c00000, 0x0000000100000000)
  region size 1024K, 2 young (2048K), 2 survivors (2048K)
 Metaspace       used 86497K, committed 87488K, reserved 1179648K
  class space    used 12355K, committed 12800K, reserved 1048576K
GC Heap History (20 events):
Event: 8505.107 GC heap after
{Heap after GC invocations=126 (full 6):
 garbage-first heap   total reserved 1036288K, committed 97280K, used 40457K [0x00000000c0c00000, 0x0000000100000000)
  region size 1024K, 5 young (5120K), 5 survivors (5120K)
 Metaspace       used 85648K, committed 86720K, reserved 1179648K
  class space    used 12240K, committed 12736K, reserved 1048576K
}
Event: 8505.869 GC heap before
{Heap before GC invocations=126 (full 6):
 garbage-first heap   total reserved 1036288K, committed 97280K, used 41481K [0x00000000c0c00000, 0x0000000100000000)
  region size 1024K, 6 young (6144K), 5 survivors (5120K)
 Metaspace       used 85663K, committed 86720K, reserved 1179648K
  class space    used 12245K, committed 12736K, reserved 1048576K
}
Event: 8505.924 GC heap after
{Heap after GC invocations=127 (full 6):
 garbage-first heap   total reserved 1036288K, committed 97280K, used 41280K [0x00000000c0c00000, 0x0000000100000000)
  region size 1024K, 1 young (1024K), 1 survivors (1024K)
 Metaspace       used 85663K, committed 86720K, reserved 1179648K
  class space    used 12245K, committed 12736K, reserved 1048576K
}
Event: 8507.590 GC heap before
{Heap before GC invocations=128 (full 6):
 garbage-first heap   total reserved 1036288K, committed 97280K, used 44352K [0x00000000c0c00000, 0x0000000100000000)
  region size 1024K, 4 young (4096K), 1 survivors (1024K)
 Metaspace       used 85683K, committed 86720K, reserved 1179648K
  class space    used 12250K, committed 12736K, reserved 1048576K
}
Event: 8507.600 GC heap after
{Heap after GC invocations=129 (full 6):
 garbage-first heap   total reserved 1036288K, committed 97280K, used 41266K [0x00000000c0c00000, 0x0000000100000000)
  region size 1024K, 1 young (1024K), 1 survivors (1024K)
 Metaspace       used 85683K, committed 86720K, reserved 1179648K
  class space    used 12250K, committed 12736K, reserved 1048576K
}
Event: 8508.293 GC heap before
{Heap before GC invocations=129 (full 6):
 garbage-first heap   total reserved 1036288K, committed 97280K, used 46386K [0x00000000c0c00000, 0x0000000100000000)
  region size 1024K, 6 young (6144K), 1 survivors (1024K)
 Metaspace       used 85713K, committed 86720K, reserved 1179648K
  class space    used 12258K, committed 12736K, reserved 1048576K
}
Event: 8508.298 GC heap after
{Heap after GC invocations=130 (full 6):
 garbage-first heap   total reserved 1036288K, committed 97280K, used 41678K [0x00000000c0c00000, 0x0000000100000000)
  region size 1024K, 1 young (1024K), 1 survivors (1024K)
 Metaspace       used 85713K, committed 86720K, reserved 1179648K
  class space    used 12258K, committed 12736K, reserved 1048576K
}
Event: 8511.412 GC heap before
{Heap before GC invocations=130 (full 6):
 garbage-first heap   total reserved 1036288K, committed 97280K, used 63182K [0x00000000c0c00000, 0x0000000100000000)
  region size 1024K, 23 young (23552K), 1 survivors (1024K)
 Metaspace       used 85751K, committed 86720K, reserved 1179648K
  class space    used 12269K, committed 12736K, reserved 1048576K
}
Event: 8511.420 GC heap after
{Heap after GC invocations=131 (full 6):
 garbage-first heap   total reserved 1036288K, committed 97280K, used 42738K [0x00000000c0c00000, 0x0000000100000000)
  region size 1024K, 2 young (2048K), 2 survivors (2048K)
 Metaspace       used 85751K, committed 86720K, reserved 1179648K
  class space    used 12269K, committed 12736K, reserved 1048576K
}
Event: 8513.261 GC heap before
{Heap before GC invocations=132 (full 6):
 garbage-first heap   total reserved 1036288K, committed 97280K, used 62194K [0x00000000c0c00000, 0x0000000100000000)
  region size 1024K, 21 young (21504K), 2 survivors (2048K)
 Metaspace       used 85789K, committed 86784K, reserved 1179648K
  class space    used 12279K, committed 12736K, reserved 1048576K
}
Event: 8513.271 GC heap after
{Heap after GC invocations=133 (full 6):
 garbage-first heap   total reserved 1036288K, committed 97280K, used 44106K [0x00000000c0c00000, 0x0000000100000000)
  region size 1024K, 3 young (3072K), 3 survivors (3072K)
 Metaspace       used 85789K, committed 86784K, reserved 1179648K
  class space    used 12279K, committed 12736K, reserved 1048576K
}
Event: 8513.278 GC heap before
{Heap before GC invocations=133 (full 6):
 garbage-first heap   total reserved 1036288K, committed 97280K, used 45130K [0x00000000c0c00000, 0x0000000100000000)
  region size 1024K, 4 young (4096K), 3 survivors (3072K)
 Metaspace       used 85789K, committed 86784K, reserved 1179648K
  class space    used 12279K, committed 12736K, reserved 1048576K
}
Event: 8513.296 GC heap after
{Heap after GC invocations=134 (full 6):
 garbage-first heap   total reserved 1036288K, committed 97280K, used 44462K [0x00000000c0c00000, 0x0000000100000000)
  region size 1024K, 1 young (1024K), 1 survivors (1024K)
 Metaspace       used 85789K, committed 86784K, reserved 1179648K
  class space    used 12279K, committed 12736K, reserved 1048576K
}
Event: 8516.006 GC heap before
{Heap before GC invocations=134 (full 6):
 garbage-first heap   total reserved 1036288K, committed 97280K, used 86446K [0x00000000c0c00000, 0x0000000100000000)
  region size 1024K, 42 young (43008K), 1 survivors (1024K)
 Metaspace       used 86113K, committed 87104K, reserved 1179648K
  class space    used 12311K, committed 12736K, reserved 1048576K
}
Event: 8516.015 GC heap after
{Heap after GC invocations=135 (full 6):
 garbage-first heap   total reserved 1036288K, committed 97280K, used 46843K [0x00000000c0c00000, 0x0000000100000000)
  region size 1024K, 3 young (3072K), 3 survivors (3072K)
 Metaspace       used 86113K, committed 87104K, reserved 1179648K
  class space    used 12311K, committed 12736K, reserved 1048576K
}
Event: 8520.116 GC heap before
{Heap before GC invocations=136 (full 6):
 garbage-first heap   total reserved 1036288K, committed 97280K, used 87803K [0x00000000c0c00000, 0x0000000100000000)
  region size 1024K, 43 young (44032K), 3 survivors (3072K)
 Metaspace       used 86429K, committed 87360K, reserved 1179648K
  class space    used 12337K, committed 12736K, reserved 1048576K
}
Event: 8520.125 GC heap after
{Heap after GC invocations=137 (full 6):
 garbage-first heap   total reserved 1036288K, committed 97280K, used 48743K [0x00000000c0c00000, 0x0000000100000000)
  region size 1024K, 5 young (5120K), 5 survivors (5120K)
 Metaspace       used 86429K, committed 87360K, reserved 1179648K
  class space    used 12337K, committed 12736K, reserved 1048576K
}
Event: 8520.247 GC heap before
{Heap before GC invocations=137 (full 6):
 garbage-first heap   total reserved 1036288K, committed 97280K, used 52839K [0x00000000c0c00000, 0x0000000100000000)
  region size 1024K, 9 young (9216K), 5 survivors (5120K)
 Metaspace       used 86429K, committed 87360K, reserved 1179648K
  class space    used 12337K, committed 12736K, reserved 1048576K
}
Event: 8520.270 GC heap after
{Heap after GC invocations=138 (full 6):
 garbage-first heap   total reserved 1036288K, committed 97280K, used 48921K [0x00000000c0c00000, 0x0000000100000000)
  region size 1024K, 1 young (1024K), 1 survivors (1024K)
 Metaspace       used 86429K, committed 87360K, reserved 1179648K
  class space    used 12337K, committed 12736K, reserved 1048576K
}
Event: 8521.317 GC heap before
{Heap before GC invocations=138 (full 6):
 garbage-first heap   total reserved 1036288K, committed 97280K, used 87833K [0x00000000c0c00000, 0x0000000100000000)
  region size 1024K, 39 young (39936K), 1 survivors (1024K)
 Metaspace       used 86497K, committed 87488K, reserved 1179648K
  class space    used 12355K, committed 12800K, reserved 1048576K
}

