# JRE version: OpenJDK Runtime Environment Temurin-17.0.13+11 (17.0.13+11) (build 17.0.13+11)
# Java VM: OpenJDK 64-Bit Server VM Temurin-17.0.13+11 (17.0.13+11, mixed mode, tiered, compressed oops, compressed class ptrs, parallel gc, windows-amd64)
GC Precious Log:
 CPUs: 4 total, 4 available
 Memory: 4040M
 Large Page Support: Disabled
 NUMA Support: Disabled
 Compressed Oops: Enabled (32-bit)
 Alignments: Space 512K, Generation 512K, Heap 2M
 Heap Min Capacity: 100M
 Heap Initial Capacity: 100M
 Heap Max Capacity: 1G
 Pre-touch: Disabled
 Parallel Workers: 4
Heap:
 PSYoungGen      total 39936K, used 31968K [0x00000000eab00000, 0x00000000eea00000, 0x0000000100000000)
  eden space 17408K, 56% used [0x00000000eab00000,0x00000000eb49d138,0x00000000ebc00000)
  from space 22528K, 98% used [0x00000000ed400000,0x00000000ee99b158,0x00000000eea00000)
  to   space 23040K, 0% used [0x00000000ebd00000,0x00000000ebd00000,0x00000000ed380000)
 ParOldGen       total 286208K, used 264109K [0x00000000c0000000, 0x00000000d1780000, 0x00000000eab00000)
  object space 286208K, 92% used [0x00000000c0000000,0x00000000d01eb680,0x00000000d1780000)
 Metaspace       used 81664K, committed 82944K, reserved 1179648K
  class space    used 8402K, committed 8960K, reserved 1048576K
GC Heap History (20 events):
Event: 220.656 GC heap before
{Heap before GC invocations=501 (full 18):
 PSYoungGen      total 37888K, used 37387K [0x00000000eab00000, 0x00000000ee780000, 0x0000000100000000)
  eden space 13824K, 100% used [0x00000000eab00000,0x00000000eb880000,0x00000000eb880000)
  from space 24064K, 97% used [0x00000000ed000000,0x00000000ee702c88,0x00000000ee780000)
  to   space 24064K, 0% used [0x00000000eb880000,0x00000000eb880000,0x00000000ed000000)
 ParOldGen       total 286208K, used 248755K [0x00000000c0000000, 0x00000000d1780000, 0x00000000eab00000)
  object space 286208K, 86% used [0x00000000c0000000,0x00000000cf2ecc18,0x00000000d1780000)
 Metaspace       used 79967K, committed 81280K, reserved 1179648K
  class space    used 8274K, committed 8832K, reserved 1048576K
}
Event: 220.679 GC heap after
{Heap after GC invocations=501 (full 18):
 PSYoungGen      total 37888K, used 24042K [0x00000000eab00000, 0x00000000ef000000, 0x0000000100000000)
  eden space 13824K, 0% used [0x00000000eab00000,0x00000000eab00000,0x00000000eb880000)
  from space 24064K, 99% used [0x00000000eb880000,0x00000000ecffaa50,0x00000000ed000000)
  to   space 28160K, 0% used [0x00000000ed480000,0x00000000ed480000,0x00000000ef000000)
 ParOldGen       total 286208K, used 252033K [0x00000000c0000000, 0x00000000d1780000, 0x00000000eab00000)
  object space 286208K, 88% used [0x00000000c0000000,0x00000000cf6204c0,0x00000000d1780000)
 Metaspace       used 79967K, committed 81280K, reserved 1179648K
  class space    used 8274K, committed 8832K, reserved 1048576K
}
Event: 223.993 GC heap before
{Heap before GC invocations=502 (full 18):
 PSYoungGen      total 37888K, used 37866K [0x00000000eab00000, 0x00000000ef000000, 0x0000000100000000)
  eden space 13824K, 100% used [0x00000000eab00000,0x00000000eb880000,0x00000000eb880000)
  from space 24064K, 99% used [0x00000000eb880000,0x00000000ecffaa50,0x00000000ed000000)
  to   space 28160K, 0% used [0x00000000ed480000,0x00000000ed480000,0x00000000ef000000)
 ParOldGen       total 286208K, used 252033K [0x00000000c0000000, 0x00000000d1780000, 0x00000000eab00000)
  object space 286208K, 88% used [0x00000000c0000000,0x00000000cf6204c0,0x00000000d1780000)
 Metaspace       used 79972K, committed 81280K, reserved 1179648K
  class space    used 8274K, committed 8832K, reserved 1048576K
}
Event: 224.013 GC heap after
{Heap after GC invocations=502 (full 18):
 PSYoungGen      total 39936K, used 25364K [0x00000000eab00000, 0x00000000eed80000, 0x0000000100000000)
  eden space 14336K, 0% used [0x00000000eab00000,0x00000000eab00000,0x00000000eb900000)
  from space 25600K, 99% used [0x00000000ed480000,0x00000000eed45248,0x00000000eed80000)
  to   space 26112K, 0% used [0x00000000eba80000,0x00000000eba80000,0x00000000ed400000)
 ParOldGen       total 286208K, used 252073K [0x00000000c0000000, 0x00000000d1780000, 0x00000000eab00000)
  object space 286208K, 88% used [0x00000000c0000000,0x00000000cf62a4c0,0x00000000d1780000)
 Metaspace       used 79972K, committed 81280K, reserved 1179648K
  class space    used 8274K, committed 8832K, reserved 1048576K
}
Event: 224.826 GC heap before
{Heap before GC invocations=503 (full 18):
 PSYoungGen      total 39936K, used 39700K [0x00000000eab00000, 0x00000000eed80000, 0x0000000100000000)
  eden space 14336K, 99% used [0x00000000eab00000,0x00000000eb8ffff0,0x00000000eb900000)
  from space 25600K, 99% used [0x00000000ed480000,0x00000000eed45248,0x00000000eed80000)
  to   space 26112K, 0% used [0x00000000eba80000,0x00000000eba80000,0x00000000ed400000)
 ParOldGen       total 286208K, used 252073K [0x00000000c0000000, 0x00000000d1780000, 0x00000000eab00000)
  object space 286208K, 88% used [0x00000000c0000000,0x00000000cf62a4c0,0x00000000d1780000)
 Metaspace       used 79975K, committed 81280K, reserved 1179648K
  class space    used 8274K, committed 8832K, reserved 1048576K
}
Event: 224.842 GC heap after
{Heap after GC invocations=503 (full 18):
 PSYoungGen      total 40960K, used 26108K [0x00000000eab00000, 0x00000000eed80000, 0x0000000100000000)
  eden space 14848K, 0% used [0x00000000eab00000,0x00000000eab00000,0x00000000eb980000)
  from space 26112K, 99% used [0x00000000eba80000,0x00000000ed3ff268,0x00000000ed400000)
  to   space 26112K, 0% used [0x00000000ed400000,0x00000000ed400000,0x00000000eed80000)
 ParOldGen       total 286208K, used 252153K [0x00000000c0000000, 0x00000000d1780000, 0x00000000eab00000)
  object space 286208K, 88% used [0x00000000c0000000,0x00000000cf63e4c0,0x00000000d1780000)
 Metaspace       used 79975K, committed 81280K, reserved 1179648K
  class space    used 8274K, committed 8832K, reserved 1048576K
}
Event: 225.179 GC heap before
{Heap before GC invocations=504 (full 18):
 PSYoungGen      total 40960K, used 40956K [0x00000000eab00000, 0x00000000eed80000, 0x0000000100000000)
  eden space 14848K, 100% used [0x00000000eab00000,0x00000000eb980000,0x00000000eb980000)
  from space 26112K, 99% used [0x00000000eba80000,0x00000000ed3ff268,0x00000000ed400000)
  to   space 26112K, 0% used [0x00000000ed400000,0x00000000ed400000,0x00000000eed80000)
 ParOldGen       total 286208K, used 252153K [0x00000000c0000000, 0x00000000d1780000, 0x00000000eab00000)
  object space 286208K, 88% used [0x00000000c0000000,0x00000000cf63e4c0,0x00000000d1780000)
 Metaspace       used 80001K, committed 81344K, reserved 1179648K
  class space    used 8274K, committed 8832K, reserved 1048576K
}
Event: 225.198 GC heap after
{Heap after GC invocations=504 (full 18):
 PSYoungGen      total 38400K, used 22534K [0x00000000eab00000, 0x00000000eea80000, 0x0000000100000000)
  eden space 15360K, 0% used [0x00000000eab00000,0x00000000eab00000,0x00000000eba00000)
  from space 23040K, 97% used [0x00000000ed400000,0x00000000eea01a40,0x00000000eea80000)
  to   space 24064K, 0% used [0x00000000ebb80000,0x00000000ebb80000,0x00000000ed300000)
 ParOldGen       total 286208K, used 253913K [0x00000000c0000000, 0x00000000d1780000, 0x00000000eab00000)
  object space 286208K, 88% used [0x00000000c0000000,0x00000000cf7f64c0,0x00000000d1780000)
 Metaspace       used 80001K, committed 81344K, reserved 1179648K
  class space    used 8274K, committed 8832K, reserved 1048576K
}
Event: 225.293 GC heap before
{Heap before GC invocations=505 (full 18):
 PSYoungGen      total 38400K, used 37894K [0x00000000eab00000, 0x00000000eea80000, 0x0000000100000000)
  eden space 15360K, 100% used [0x00000000eab00000,0x00000000eba00000,0x00000000eba00000)
  from space 23040K, 97% used [0x00000000ed400000,0x00000000eea01a40,0x00000000eea80000)
  to   space 24064K, 0% used [0x00000000ebb80000,0x00000000ebb80000,0x00000000ed300000)
 ParOldGen       total 286208K, used 253913K [0x00000000c0000000, 0x00000000d1780000, 0x00000000eab00000)
  object space 286208K, 88% used [0x00000000c0000000,0x00000000cf7f64c0,0x00000000d1780000)
 Metaspace       used 80011K, committed 81344K, reserved 1179648K
  class space    used 8274K, committed 8832K, reserved 1048576K
}
Event: 225.309 GC heap after
{Heap after GC invocations=505 (full 18):
 PSYoungGen      total 40448K, used 24061K [0x00000000eab00000, 0x00000000eeb00000, 0x0000000100000000)
  eden space 16384K, 0% used [0x00000000eab00000,0x00000000eab00000,0x00000000ebb00000)
  from space 24064K, 99% used [0x00000000ebb80000,0x00000000ed2ff4b0,0x00000000ed300000)
  to   space 24576K, 0% used [0x00000000ed300000,0x00000000ed300000,0x00000000eeb00000)
 ParOldGen       total 286208K, used 254049K [0x00000000c0000000, 0x00000000d1780000, 0x00000000eab00000)
  object space 286208K, 88% used [0x00000000c0000000,0x00000000cf8184c0,0x00000000d1780000)
 Metaspace       used 80011K, committed 81344K, reserved 1179648K
  class space    used 8274K, committed 8832K, reserved 1048576K
}
Event: 225.454 GC heap before
{Heap before GC invocations=506 (full 18):
 PSYoungGen      total 40448K, used 40445K [0x00000000eab00000, 0x00000000eeb00000, 0x0000000100000000)
  eden space 16384K, 100% used [0x00000000eab00000,0x00000000ebb00000,0x00000000ebb00000)
  from space 24064K, 99% used [0x00000000ebb80000,0x00000000ed2ff4b0,0x00000000ed300000)
  to   space 24576K, 0% used [0x00000000ed300000,0x00000000ed300000,0x00000000eeb00000)
 ParOldGen       total 286208K, used 254049K [0x00000000c0000000, 0x00000000d1780000, 0x00000000eab00000)
  object space 286208K, 88% used [0x00000000c0000000,0x00000000cf8184c0,0x00000000d1780000)
 Metaspace       used 80047K, committed 81408K, reserved 1179648K
  class space    used 8274K, committed 8832K, reserved 1048576K
}
Event: 225.492 GC heap after
{Heap after GC invocations=506 (full 18):
 PSYoungGen      total 40960K, used 21628K [0x00000000eab00000, 0x00000000ee980000, 0x0000000100000000)
  eden space 17920K, 0% used [0x00000000eab00000,0x00000000eab00000,0x00000000ebc80000)
  from space 23040K, 93% used [0x00000000ed300000,0x00000000ee81f240,0x00000000ee980000)
  to   space 23040K, 0% used [0x00000000ebc80000,0x00000000ebc80000,0x00000000ed300000)
 ParOldGen       total 286208K, used 257345K [0x00000000c0000000, 0x00000000d1780000, 0x00000000eab00000)
  object space 286208K, 89% used [0x00000000c0000000,0x00000000cfb504c8,0x00000000d1780000)
 Metaspace       used 80047K, committed 81408K, reserved 1179648K
  class space    used 8274K, committed 8832K, reserved 1048576K
}
Event: 225.630 GC heap before
{Heap before GC invocations=507 (full 18):
 PSYoungGen      total 40960K, used 39548K [0x00000000eab00000, 0x00000000ee980000, 0x0000000100000000)
  eden space 17920K, 100% used [0x00000000eab00000,0x00000000ebc80000,0x00000000ebc80000)
  from space 23040K, 93% used [0x00000000ed300000,0x00000000ee81f240,0x00000000ee980000)
  to   space 23040K, 0% used [0x00000000ebc80000,0x00000000ebc80000,0x00000000ed300000)
 ParOldGen       total 286208K, used 257345K [0x00000000c0000000, 0x00000000d1780000, 0x00000000eab00000)
  object space 286208K, 89% used [0x00000000c0000000,0x00000000cfb504c8,0x00000000d1780000)
 Metaspace       used 80055K, committed 81408K, reserved 1179648K
  class space    used 8274K, committed 8832K, reserved 1048576K
}
Event: 225.642 GC heap after
{Heap after GC invocations=507 (full 18):
 PSYoungGen      total 40960K, used 21354K [0x00000000eab00000, 0x00000000ee900000, 0x0000000100000000)
  eden space 17920K, 0% used [0x00000000eab00000,0x00000000eab00000,0x00000000ebc80000)
  from space 23040K, 92% used [0x00000000ebc80000,0x00000000ed15aa38,0x00000000ed300000)
  to   space 22016K, 0% used [0x00000000ed380000,0x00000000ed380000,0x00000000ee900000)
 ParOldGen       total 286208K, used 257345K [0x00000000c0000000, 0x00000000d1780000, 0x00000000eab00000)
  object space 286208K, 89% used [0x00000000c0000000,0x00000000cfb504c8,0x00000000d1780000)
 Metaspace       used 80055K, committed 81408K, reserved 1179648K
  class space    used 8274K, committed 8832K, reserved 1048576K
}
Event: 225.803 GC heap before
{Heap before GC invocations=508 (full 18):
 PSYoungGen      total 40960K, used 39274K [0x00000000eab00000, 0x00000000ee900000, 0x0000000100000000)
  eden space 17920K, 100% used [0x00000000eab00000,0x00000000ebc80000,0x00000000ebc80000)
  from space 23040K, 92% used [0x00000000ebc80000,0x00000000ed15aa38,0x00000000ed300000)
  to   space 22016K, 0% used [0x00000000ed380000,0x00000000ed380000,0x00000000ee900000)
 ParOldGen       total 286208K, used 257345K [0x00000000c0000000, 0x00000000d1780000, 0x00000000eab00000)
  object space 286208K, 89% used [0x00000000c0000000,0x00000000cfb504c8,0x00000000d1780000)
 Metaspace       used 80088K, committed 81408K, reserved 1179648K
  class space    used 8274K, committed 8832K, reserved 1048576K
}
Event: 225.869 GC heap after
{Heap after GC invocations=508 (full 18):
 PSYoungGen      total 38400K, used 21984K [0x00000000eab00000, 0x00000000eef00000, 0x0000000100000000)
  eden space 16384K, 0% used [0x00000000eab00000,0x00000000eab00000,0x00000000ebb00000)
  from space 22016K, 99% used [0x00000000ed380000,0x00000000ee8f8190,0x00000000ee900000)
  to   space 25088K, 0% used [0x00000000ebb00000,0x00000000ebb00000,0x00000000ed380000)
 ParOldGen       total 286208K, used 259808K [0x00000000c0000000, 0x00000000d1780000, 0x00000000eab00000)
  object space 286208K, 90% used [0x00000000c0000000,0x00000000cfdb8060,0x00000000d1780000)
 Metaspace       used 80088K, committed 81408K, reserved 1179648K
  class space    used 8274K, committed 8832K, reserved 1048576K
}
Event: 228.562 GC heap before
{Heap before GC invocations=509 (full 18):
 PSYoungGen      total 38400K, used 38368K [0x00000000eab00000, 0x00000000eef00000, 0x0000000100000000)
  eden space 16384K, 100% used [0x00000000eab00000,0x00000000ebb00000,0x00000000ebb00000)
  from space 22016K, 99% used [0x00000000ed380000,0x00000000ee8f8190,0x00000000ee900000)
  to   space 25088K, 0% used [0x00000000ebb00000,0x00000000ebb00000,0x00000000ed380000)
 ParOldGen       total 286208K, used 259808K [0x00000000c0000000, 0x00000000d1780000, 0x00000000eab00000)
  object space 286208K, 90% used [0x00000000c0000000,0x00000000cfdb8060,0x00000000d1780000)
 Metaspace       used 80150K, committed 81472K, reserved 1179648K
  class space    used 8275K, committed 8832K, reserved 1048576K
}
Event: 228.603 GC heap after
{Heap after GC invocations=509 (full 18):
 PSYoungGen      total 41472K, used 23450K [0x00000000eab00000, 0x00000000eeb80000, 0x0000000100000000)
  eden space 16384K, 0% used [0x00000000eab00000,0x00000000eab00000,0x00000000ebb00000)
  from space 25088K, 93% used [0x00000000ebb00000,0x00000000ed1e6878,0x00000000ed380000)
  to   space 24064K, 0% used [0x00000000ed400000,0x00000000ed400000,0x00000000eeb80000)
 ParOldGen       total 286208K, used 264101K [0x00000000c0000000, 0x00000000d1780000, 0x00000000eab00000)
  object space 286208K, 92% used [0x00000000c0000000,0x00000000d01e9680,0x00000000d1780000)
 Metaspace       used 80150K, committed 81472K, reserved 1179648K
  class space    used 8275K, committed 8832K, reserved 1048576K
}
Event: 341.683 GC heap before
{Heap before GC invocations=510 (full 18):
 PSYoungGen      total 41472K, used 39834K [0x00000000eab00000, 0x00000000eeb80000, 0x0000000100000000)
  eden space 16384K, 100% used [0x00000000eab00000,0x00000000ebb00000,0x00000000ebb00000)
  from space 25088K, 93% used [0x00000000ebb00000,0x00000000ed1e6878,0x00000000ed380000)
  to   space 24064K, 0% used [0x00000000ed400000,0x00000000ed400000,0x00000000eeb80000)
 ParOldGen       total 286208K, used 264101K [0x00000000c0000000, 0x00000000d1780000, 0x00000000eab00000)
  object space 286208K, 92% used [0x00000000c0000000,0x00000000d01e9680,0x00000000d1780000)
 Metaspace       used 81352K, committed 82688K, reserved 1179648K
  class space    used 8372K, committed 8960K, reserved 1048576K
}
Event: 342.142 GC heap after
{Heap after GC invocations=510 (full 18):
 PSYoungGen      total 39936K, used 22124K [0x00000000eab00000, 0x00000000eea00000, 0x0000000100000000)
  eden space 17408K, 0% used [0x00000000eab00000,0x00000000eab00000,0x00000000ebc00000)
  from space 22528K, 98% used [0x00000000ed400000,0x00000000ee99b158,0x00000000eea00000)
  to   space 23040K, 0% used [0x00000000ebd00000,0x00000000ebd00000,0x00000000ed380000)
 ParOldGen       total 286208K, used 264109K [0x00000000c0000000, 0x00000000d1780000, 0x00000000eab00000)
  object space 286208K, 92% used [0x00000000c0000000,0x00000000d01eb680,0x00000000d1780000)
 Metaspace       used 81352K, committed 82688K, reserved 1179648K
  class space    used 8372K, committed 8960K, reserved 1048576K
}

